<?xml version="1.0" encoding="UTF-8"?>
<testsuite name="TestRules" tests="4" skipped="0" failures="0" errors="0" timestamp="2019-03-30T13:30:42" hostname="pop-os" time="0.051">
  <properties/>
  <testcase name="testPearDiscountRule" classname="TestRules" time="0.049"/>
  <testcase name="testPearsAndAppleRule" classname="TestRules" time="0.0"/>
  <testcase name="testAppleOfferRule" classname="TestRules" time="0.0"/>
  <testcase name="noOfferAPplied" classname="TestRules" time="0.001"/>
  <system-out><![CDATA[]]></system-out>
  <system-err><![CDATA[]]></system-err>
</testsuite>
